GROUP,PACKAGE,CLASS,INSTRUCTION_MISSED,INSTRUCTION_COVERED,BRANCH_MISSED,BRANCH_COVERED,LINE_MISSED,LINE_COVERED,COMPLEXITY_MISSED,COMPLEXITY_COVERED,METHOD_MISSED,METHOD_COVERED
Mediscreen,com.mediscreen.demographic.dto,PatientDTO,0,83,0,0,0,32,0,16,0,16
Mediscreen,com.mediscreen.demographic.entity,Patient,4,75,0,0,2,29,1,15,1,15
Mediscreen,com.mediscreen.demographic.service,PatientService,60,122,1,5,10,32,1,8,0,6
Mediscreen,com.mediscreen.demographic,MediscreenApplication,5,3,0,0,2,1,1,1,1,1
Mediscreen,com.mediscreen.demographic.controller,PatientController,5,28,0,0,1,6,1,6,1,6
